<?xml version="1.0" encoding="UTF-8"?>
<!-- Generated by org.testng.reporters.JUnitReportReporter -->
<testsuite skipped="0" hostname="7-PC" name="com.changcai.test.web_test.OpenHomePage" tests="1" failures="0" timestamp="17 Nov 2016 04:34:46 GMT" time="0.016" errors="0">
  <testcase name="verifyTitle" time="0.016" classname="com.changcai.test.web_test.OpenHomePage"/>
</testsuite> <!-- com.changcai.test.web_test.OpenHomePage -->
